#
# A fatal error has been detected by the Java Runtime Environment:
#
#  EXCEPTION_ACCESS_VIOLATION (0xc0000005) at pc=0x00007ffc6f35b9eb, pid=19356, tid=19324
#
# JRE version: Java(TM) SE Runtime Environment 18.9 (11.0.11+9) (build 11.0.11+9-LTS-194)
# Java VM: Java HotSpot(TM) 64-Bit Server VM 18.9 (11.0.11+9-LTS-194, mixed mode, tiered, compressed oops, g1 gc, windows-amd64)
# Problematic frame:
# V  [jvm.dll+0x6eb9eb]
#
# No core dump will be written. Minidumps are not enabled by default on client versions of Windows
#
# If you would like to submit a bug report, please visit:
#   https://bugreport.java.com/bugreport/crash.jsp
#

---------------  S U M M A R Y ------------

Command Line: -agentlib:jdwp=transport=dt_socket,suspend=y,address=localhost:51496 -javaagent:D:\Tools\eclipse\jee-2021-03\eclipse\configuration\org.eclipse.osgi\412\0\.cp\lib\javaagent-shaded.jar -Dfile.encoding=UTF-8 com.khoahung.cmc.application.AgentJavaMongoClient

Host: AMD Ryzen 5 3500U with Radeon Vega Mobile Gfx  , 8 cores, 5G,  Windows 10 , 64 bit Build 22000 (10.0.22000.37)
Time: Mon Jul 19 16:47:27 2021 SE Asia Standard Time elapsed time: 1761.438738 seconds (0d 0h 29m 21s)

---------------  T H R E A D  ---------------

Current thread (0x00000178ea1f5000):  JavaThread "Thread-0" [_thread_in_vm, id=19324, stack(0x0000006fc3e00000,0x0000006fc3f00000)]

Stack: [0x0000006fc3e00000,0x0000006fc3f00000],  sp=0x0000006fc3eff1a0,  free space=1020k
Native frames: (J=compiled Java code, j=interpreted, Vv=VM code, C=native code)
V  [jvm.dll+0x6eb9eb]
V  [jvm.dll+0x6eb933]
V  [jvm.dll+0x23ccae]
V  [jvm.dll+0x35ef27]
C  0x00000178d3b2debd

Java frames: (J=compiled Java code, j=interpreted, Vv=VM code)
j  com.khoahung.cmc.application.Agent.run()V+379
v  ~StubRoutines::call_stub

siginfo: EXCEPTION_ACCESS_VIOLATION (0xc0000005), reading address 0x0000000000000000


Register to memory mapping:

RIP=0x00007ffc6f35b9eb jvm.dll
RAX=0x00000178e9e31c28 points into unknown readable memory: b8 09 93 a3 00 00 00 00
RBX=0x00000178ea1f5000 is a thread
RCX=0x0 is NULL
RDX=0x00000178e9e31c18 points into unknown readable memory: a0 49 7b a1 00 00 00 00
RSP=0x0000006fc3eff1a0 is pointing into the stack for thread: 0x00000178ea1f5000
RBP=0x00000178ea1f5000 is a thread
RSI=0x0000000000000001 is an unknown value
RDI=0x0 is NULL
R8 =0x00000178e9e31c20 points into unknown readable memory: 20 16 83 a1 00 00 00 00
R9 =0x00000178ea1f5000 is a thread
R10=0x0 is NULL
R11=0x0000006fc3eff270 is pointing into the stack for thread: 0x00000178ea1f5000
R12=0x0 is NULL
R13=0x0000000000000dbb is an unknown value
R14=0x00000178ea1f38a0 points into unknown readable memory: 02 00 00 00 00 00 00 00
R15=0x00000000a1831620 is an oop: java.security.ProtectionDomain 
{0x00000000a1831620} - klass: 'java/security/ProtectionDomain'


Registers:
RAX=0x00000178e9e31c28, RBX=0x00000178ea1f5000, RCX=0x0000000000000000, RDX=0x00000178e9e31c18
RSP=0x0000006fc3eff1a0, RBP=0x00000178ea1f5000, RSI=0x0000000000000001, RDI=0x0000000000000000
R8 =0x00000178e9e31c20, R9 =0x00000178ea1f5000, R10=0x0000000000000000, R11=0x0000006fc3eff270
R12=0x0000000000000000, R13=0x0000000000000dbb, R14=0x00000178ea1f38a0, R15=0x00000000a1831620
RIP=0x00007ffc6f35b9eb, EFLAGS=0x0000000000010206

Top of Stack: (sp=0x0000006fc3eff1a0)
0x0000006fc3eff1a0:   0000000000000000 00000178ea1f5000
0x0000006fc3eff1b0:   0000006fc3eff6d0 00007ffc6efd277d
0x0000006fc3eff1c0:   0000006fc3eff200 00000178ea1f5000
0x0000006fc3eff1d0:   00000178ea1f38a0 0000000000000000
0x0000006fc3eff1e0:   0000000000000001 00000178ea1f5000
0x0000006fc3eff1f0:   00000178ea1f5000 00007ffc6f35b933
0x0000006fc3eff200:   0000006fc3eff2f0 0000006fc3eff2a8
0x0000006fc3eff210:   0000006fc3eff2a8 00000178d3b287d4
0x0000006fc3eff220:   00000178e9e31c18 00007ffc6eeaccae
0x0000006fc3eff230:   00000178e9e31c20 0000006fc3eff2d0
0x0000006fc3eff240:   0000006fc3eff2a8 00000178d3b287d4
0x0000006fc3eff250:   00000178ea1f5000 0000006f00000000
0x0000006fc3eff260:   0000006fc3eff2f0 0000006fc3eff2a8
0x0000006fc3eff270:   00000178ea1f5000 0000006fc3eff400
0x0000006fc3eff280:   00000178ea9c9a1b 0000000000000000
0x0000006fc3eff290:   0000000000000000 0000006fc3eff368 

Instructions: (pc=0x00007ffc6f35b9eb)
0x00007ffc6f35b9cb:   cc cc cc cc cc 4c 8b ca 45 33 c0 33 d2 e9 03 00
0x00007ffc6f35b9db:   00 00 cc cc cc 40 53 55 56 57 41 56 48 83 ec 30
0x00007ffc6f35b9eb:   66 83 39 01 4d 8b f1 49 8b d8 48 8b fa 48 8b f1
0x00007ffc6f35b9fb:   0f 86 cc 00 00 00 80 79 06 5b 0f 85 c2 00 00 00 


Stack slot to memory mapping:
stack at sp + 0 slots: 0x0 is NULL
stack at sp + 1 slots: 0x00000178ea1f5000 is a thread
stack at sp + 2 slots: 0x0000006fc3eff6d0 is pointing into the stack for thread: 0x00000178ea1f5000
stack at sp + 3 slots: 0x00007ffc6efd277d jvm.dll
stack at sp + 4 slots: 0x0000006fc3eff200 is pointing into the stack for thread: 0x00000178ea1f5000
stack at sp + 5 slots: 0x00000178ea1f5000 is a thread
stack at sp + 6 slots: 0x00000178ea1f38a0 points into unknown readable memory: 02 00 00 00 00 00 00 00
stack at sp + 7 slots: 0x0 is NULL


---------------  P R O C E S S  ---------------

Threads class SMR info:
_java_thread_list=0x00000178ecf241a0, length=25, elements={
0x00000178e9978000, 0x00000178e9979800, 0x00000178e99d2800, 0x00000178e99d3800,
0x00000178e99d7000, 0x00000178e99e4000, 0x00000178e99e9800, 0x00000178e687e800,
0x00000178e9d2e800, 0x00000178e9d29800, 0x00000178e9d2a000, 0x00000178e9f75000,
0x00000178ea1f5000, 0x00000178cb6f3000, 0x00000178ea2b6800, 0x00000178ece0a800,
0x00000178ecdb0000, 0x00000178ebb11000, 0x00000178ebb12800, 0x00000178eb81f800,
0x00000178e9bf2000, 0x00000178ea3fb800, 0x00000178ea4fa800, 0x00000178ea390000,
0x00000178ea38d800
}

Java Threads: ( => current thread )
  0x00000178e9978000 JavaThread "Reference Handler" daemon [_thread_blocked, id=21640, stack(0x0000006fc3000000,0x0000006fc3100000)]
  0x00000178e9979800 JavaThread "Finalizer" daemon [_thread_blocked, id=22356, stack(0x0000006fc3100000,0x0000006fc3200000)]
  0x00000178e99d2800 JavaThread "Signal Dispatcher" daemon [_thread_blocked, id=936, stack(0x0000006fc3200000,0x0000006fc3300000)]
  0x00000178e99d3800 JavaThread "Attach Listener" daemon [_thread_blocked, id=18024, stack(0x0000006fc3300000,0x0000006fc3400000)]
  0x00000178e99d7000 JavaThread "C2 CompilerThread0" daemon [_thread_blocked, id=19916, stack(0x0000006fc3400000,0x0000006fc3500000)]
  0x00000178e99e4000 JavaThread "C1 CompilerThread0" daemon [_thread_blocked, id=14444, stack(0x0000006fc3500000,0x0000006fc3600000)]
  0x00000178e99e9800 JavaThread "Sweeper thread" daemon [_thread_blocked, id=1732, stack(0x0000006fc3600000,0x0000006fc3700000)]
  0x00000178e687e800 JavaThread "Common-Cleaner" daemon [_thread_blocked, id=16364, stack(0x0000006fc3700000,0x0000006fc3800000)]
  0x00000178e9d2e800 JavaThread "JDWP Transport Listener: dt_socket" daemon [_thread_blocked, id=21808, stack(0x0000006fc3900000,0x0000006fc3a00000)]
  0x00000178e9d29800 JavaThread "JDWP Event Helper Thread" daemon [_thread_blocked, id=20388, stack(0x0000006fc3a00000,0x0000006fc3b00000)]
  0x00000178e9d2a000 JavaThread "JDWP Command Reader" daemon [_thread_in_native, id=14160, stack(0x0000006fc3b00000,0x0000006fc3c00000)]
  0x00000178e9f75000 JavaThread "Service Thread" daemon [_thread_blocked, id=14268, stack(0x0000006fc3c00000,0x0000006fc3d00000)]
=>0x00000178ea1f5000 JavaThread "Thread-0" [_thread_in_vm, id=19324, stack(0x0000006fc3e00000,0x0000006fc3f00000)]
  0x00000178cb6f3000 JavaThread "DestroyJavaVM" [_thread_blocked, id=16036, stack(0x0000006fc2900000,0x0000006fc2a00000)]
  0x00000178ea2b6800 JavaThread "cluster-ClusterId{value='60f54350ebf4dc099cb6ad5e', description='null'}-localhost:27016" daemon [_thread_blocked, id=22212, stack(0x0000006fc3800000,0x0000006fc3900000)]
  0x00000178ece0a800 JavaThread "cluster-ClusterId{value='60f5438cebf4dc099cb6ad5f', description='null'}-localhost:27016" daemon [_thread_blocked, id=17712, stack(0x0000006fc2600000,0x0000006fc2700000)]
  0x00000178ecdb0000 JavaThread "cluster-ClusterId{value='60f547e0ebf4dc099cb6ad60', description='null'}-localhost:27016" daemon [_thread_blocked, id=21056, stack(0x0000006fc2400000,0x0000006fc2500000)]
  0x00000178ebb11000 JavaThread "cluster-ClusterId{value='60f5482eebf4dc099cb6ad61', description='null'}-localhost:27016" daemon [_thread_blocked, id=6664, stack(0x0000006fc4200000,0x0000006fc4300000)]
  0x00000178ebb12800 JavaThread "cluster-ClusterId{value='60f5487aebf4dc099cb6ad62', description='null'}-localhost:27016" daemon [_thread_blocked, id=14872, stack(0x0000006fc4300000,0x0000006fc4400000)]
  0x00000178eb81f800 JavaThread "cluster-ClusterId{value='60f54897ebf4dc099cb6ad63', description='null'}-localhost:27016" daemon [_thread_blocked, id=11664, stack(0x0000006fc4500000,0x0000006fc4600000)]
  0x00000178e9bf2000 JavaThread "cluster-ClusterId{value='60f548e3ebf4dc099cb6ad64', description='null'}-localhost:27016" daemon [_thread_blocked, id=20416, stack(0x0000006fc4600000,0x0000006fc4700000)]
  0x00000178ea3fb800 JavaThread "cluster-ClusterId{value='60f54930ebf4dc099cb6ad65', description='null'}-localhost:27016" daemon [_thread_blocked, id=4752, stack(0x0000006fc4700000,0x0000006fc4800000)]
  0x00000178ea4fa800 JavaThread "cluster-ClusterId{value='60f5497cebf4dc099cb6ad66', description='null'}-localhost:27016" daemon [_thread_blocked, id=18644, stack(0x0000006fc4800000,0x0000006fc4900000)]
  0x00000178ea390000 JavaThread "cluster-ClusterId{value='60f549d0ebf4dc099cb6ad67', description='null'}-localhost:27016" daemon [_thread_blocked, id=8088, stack(0x0000006fc4900000,0x0000006fc4a00000)]
  0x00000178ea38d800 JavaThread "cluster-ClusterId{value='60f54a1eebf4dc099cb6ad68', description='null'}-localhost:27016" daemon [_thread_blocked, id=4364, stack(0x0000006fc4a00000,0x0000006fc4b00000)]

Other Threads:
  0x00000178e9955000 VMThread "VM Thread" [stack: 0x0000006fc2f00000,0x0000006fc3000000] [id=7324]
  0x00000178e9f76000 WatcherThread [stack: 0x0000006fc3d00000,0x0000006fc3e00000] [id=21360]
  0x00000178cb707000 GCTaskThread "GC Thread#0" [stack: 0x0000006fc2a00000,0x0000006fc2b00000] [id=20936]
  0x00000178ead9c800 GCTaskThread "GC Thread#1" [stack: 0x0000006fc3f00000,0x0000006fc4000000] [id=11780]
  0x00000178ea359800 GCTaskThread "GC Thread#2" [stack: 0x0000006fc4000000,0x0000006fc4100000] [id=9328]
  0x00000178ea35a800 GCTaskThread "GC Thread#3" [stack: 0x0000006fc4100000,0x0000006fc4200000] [id=19124]
  0x00000178e66a0800 ConcurrentGCThread "G1 Main Marker" [stack: 0x0000006fc2b00000,0x0000006fc2c00000] [id=21656]
  0x00000178e66a2000 ConcurrentGCThread "G1 Conc#0" [stack: 0x0000006fc2c00000,0x0000006fc2d00000] [id=18600]
  0x00000178ebaa7800 ConcurrentGCThread "G1 Conc#1" [stack: 0x0000006fc4400000,0x0000006fc4500000] [id=20428]
  0x00000178e672b000 ConcurrentGCThread "G1 Refine#0" [stack: 0x0000006fc2d00000,0x0000006fc2e00000] [id=19156]
  0x00000178e672c000 ConcurrentGCThread "G1 Young RemSet Sampling" [stack: 0x0000006fc2e00000,0x0000006fc2f00000] [id=12036]

Threads with active compile tasks:

VM state:not at safepoint (normal execution)

VM Mutex/Monitor currently owned by a thread: None

Heap address: 0x00000000a1400000, size: 1516 MB, Compressed Oops mode: 32-bit
Narrow klass base: 0x0000000000000000, Narrow klass shift: 3
Compressed class space size: 1073741824 Address: 0x0000000100000000

Heap:
 garbage-first heap   total 98304K, used 24259K [0x00000000a1400000, 0x0000000100000000)
  region size 1024K, 19 young (19456K), 3 survivors (3072K)
 Metaspace       used 25902K, capacity 26277K, committed 26544K, reserved 1073152K
  class space    used 2549K, capacity 2694K, committed 2816K, reserved 1048576K
Heap Regions: E=young(eden), S=young(survivor), O=old, HS=humongous(starts), HC=humongous(continues), CS=collection set, F=free, A=archive, TAMS=top-at-mark-start (previous, next)
|   0|0x00000000a1400000, 0x00000000a1500000, 0x00000000a1500000|100%|HS|  |TAMS 0x00000000a1500000, 0x00000000a1400000| Complete 
|   1|0x00000000a1500000, 0x00000000a1600000, 0x00000000a1600000|100%| O|  |TAMS 0x00000000a1600000, 0x00000000a1500000| Untracked 
|   2|0x00000000a1600000, 0x00000000a1700000, 0x00000000a1700000|100%| O|  |TAMS 0x00000000a1700000, 0x00000000a1600000| Untracked 
|   3|0x00000000a1700000, 0x00000000a1800000, 0x00000000a1800000|100%| O|  |TAMS 0x00000000a1800000, 0x00000000a1700000| Untracked 
|   4|0x00000000a1800000, 0x00000000a1900000, 0x00000000a1900000|100%| O|  |TAMS 0x00000000a1900000, 0x00000000a1800000| Untracked 
|   5|0x00000000a1900000, 0x00000000a1a00000, 0x00000000a1a00000|100%| O|  |TAMS 0x00000000a1a00000, 0x00000000a1900000| Untracked 
|   6|0x00000000a1a00000, 0x00000000a1a5d600, 0x00000000a1b00000| 36%| O|  |TAMS 0x00000000a1a5d600, 0x00000000a1a00000| Untracked 
|   7|0x00000000a1b00000, 0x00000000a1b00000, 0x00000000a1c00000|  0%| F|  |TAMS 0x00000000a1b00000, 0x00000000a1b00000| Untracked 
|   8|0x00000000a1c00000, 0x00000000a1c00000, 0x00000000a1d00000|  0%| F|  |TAMS 0x00000000a1c00000, 0x00000000a1c00000| Untracked 
|   9|0x00000000a1d00000, 0x00000000a1d00000, 0x00000000a1e00000|  0%| F|  |TAMS 0x00000000a1d00000, 0x00000000a1d00000| Untracked 
|  10|0x00000000a1e00000, 0x00000000a1e00000, 0x00000000a1f00000|  0%| F|  |TAMS 0x00000000a1e00000, 0x00000000a1e00000| Untracked 
|  11|0x00000000a1f00000, 0x00000000a1f00000, 0x00000000a2000000|  0%| F|  |TAMS 0x00000000a1f00000, 0x00000000a1f00000| Untracked 
|  12|0x00000000a2000000, 0x00000000a2000000, 0x00000000a2100000|  0%| F|  |TAMS 0x00000000a2000000, 0x00000000a2000000| Untracked 
|  13|0x00000000a2100000, 0x00000000a2100000, 0x00000000a2200000|  0%| F|  |TAMS 0x00000000a2100000, 0x00000000a2100000| Untracked 
|  14|0x00000000a2200000, 0x00000000a2200000, 0x00000000a2300000|  0%| F|  |TAMS 0x00000000a2200000, 0x00000000a2200000| Untracked 
|  15|0x00000000a2300000, 0x00000000a2300000, 0x00000000a2400000|  0%| F|  |TAMS 0x00000000a2300000, 0x00000000a2300000| Untracked 
|  16|0x00000000a2400000, 0x00000000a2400000, 0x00000000a2500000|  0%| F|  |TAMS 0x00000000a2400000, 0x00000000a2400000| Untracked 
|  17|0x00000000a2500000, 0x00000000a2500000, 0x00000000a2600000|  0%| F|  |TAMS 0x00000000a2500000, 0x00000000a2500000| Untracked 
|  18|0x00000000a2600000, 0x00000000a2600000, 0x00000000a2700000|  0%| F|  |TAMS 0x00000000a2600000, 0x00000000a2600000| Untracked 
|  19|0x00000000a2700000, 0x00000000a2700000, 0x00000000a2800000|  0%| F|  |TAMS 0x00000000a2700000, 0x00000000a2700000| Untracked 
|  20|0x00000000a2800000, 0x00000000a2800000, 0x00000000a2900000|  0%| F|  |TAMS 0x00000000a2800000, 0x00000000a2800000| Untracked 
|  21|0x00000000a2900000, 0x00000000a2900000, 0x00000000a2a00000|  0%| F|  |TAMS 0x00000000a2900000, 0x00000000a2900000| Untracked 
|  22|0x00000000a2a00000, 0x00000000a2a00000, 0x00000000a2b00000|  0%| F|  |TAMS 0x00000000a2a00000, 0x00000000a2a00000| Untracked 
|  23|0x00000000a2b00000, 0x00000000a2b00000, 0x00000000a2c00000|  0%| F|  |TAMS 0x00000000a2b00000, 0x00000000a2b00000| Untracked 
|  24|0x00000000a2c00000, 0x00000000a2c00000, 0x00000000a2d00000|  0%| F|  |TAMS 0x00000000a2c00000, 0x00000000a2c00000| Untracked 
|  25|0x00000000a2d00000, 0x00000000a2d00000, 0x00000000a2e00000|  0%| F|  |TAMS 0x00000000a2d00000, 0x00000000a2d00000| Untracked 
|  26|0x00000000a2e00000, 0x00000000a2e00000, 0x00000000a2f00000|  0%| F|  |TAMS 0x00000000a2e00000, 0x00000000a2e00000| Untracked 
|  27|0x00000000a2f00000, 0x00000000a2f00000, 0x00000000a3000000|  0%| F|  |TAMS 0x00000000a2f00000, 0x00000000a2f00000| Untracked 
|  28|0x00000000a3000000, 0x00000000a3000000, 0x00000000a3100000|  0%| F|  |TAMS 0x00000000a3000000, 0x00000000a3000000| Untracked 
|  29|0x00000000a3100000, 0x00000000a3100000, 0x00000000a3200000|  0%| F|  |TAMS 0x00000000a3100000, 0x00000000a3100000| Untracked 
|  30|0x00000000a3200000, 0x00000000a3200000, 0x00000000a3300000|  0%| F|  |TAMS 0x00000000a3200000, 0x00000000a3200000| Untracked 
|  31|0x00000000a3300000, 0x00000000a3300000, 0x00000000a3400000|  0%| F|  |TAMS 0x00000000a3300000, 0x00000000a3300000| Untracked 
|  32|0x00000000a3400000, 0x00000000a3400000, 0x00000000a3500000|  0%| F|  |TAMS 0x00000000a3400000, 0x00000000a3400000| Untracked 
|  33|0x00000000a3500000, 0x00000000a3500000, 0x00000000a3600000|  0%| F|  |TAMS 0x00000000a3500000, 0x00000000a3500000| Untracked 
|  34|0x00000000a3600000, 0x00000000a3600000, 0x00000000a3700000|  0%| F|  |TAMS 0x00000000a3600000, 0x00000000a3600000| Untracked 
|  35|0x00000000a3700000, 0x00000000a3700000, 0x00000000a3800000|  0%| F|  |TAMS 0x00000000a3700000, 0x00000000a3700000| Untracked 
|  36|0x00000000a3800000, 0x00000000a3853900, 0x00000000a3900000| 32%| S|CS|TAMS 0x00000000a3800000, 0x00000000a3800000| Complete 
|  37|0x00000000a3900000, 0x00000000a3a00000, 0x00000000a3a00000|100%| S|CS|TAMS 0x00000000a3900000, 0x00000000a3900000| Complete 
|  38|0x00000000a3a00000, 0x00000000a3b00000, 0x00000000a3b00000|100%| S|CS|TAMS 0x00000000a3a00000, 0x00000000a3a00000| Complete 
|  39|0x00000000a3b00000, 0x00000000a3b00000, 0x00000000a3c00000|  0%| F|  |TAMS 0x00000000a3b00000, 0x00000000a3b00000| Untracked 
|  40|0x00000000a3c00000, 0x00000000a3c00000, 0x00000000a3d00000|  0%| F|  |TAMS 0x00000000a3c00000, 0x00000000a3c00000| Untracked 
|  41|0x00000000a3d00000, 0x00000000a3d00000, 0x00000000a3e00000|  0%| F|  |TAMS 0x00000000a3d00000, 0x00000000a3d00000| Untracked 
|  42|0x00000000a3e00000, 0x00000000a3e00000, 0x00000000a3f00000|  0%| F|  |TAMS 0x00000000a3e00000, 0x00000000a3e00000| Untracked 
|  43|0x00000000a3f00000, 0x00000000a3f00000, 0x00000000a4000000|  0%| F|  |TAMS 0x00000000a3f00000, 0x00000000a3f00000| Untracked 
|  44|0x00000000a4000000, 0x00000000a4000000, 0x00000000a4100000|  0%| F|  |TAMS 0x00000000a4000000, 0x00000000a4000000| Untracked 
|  45|0x00000000a4100000, 0x00000000a4100000, 0x00000000a4200000|  0%| F|  |TAMS 0x00000000a4100000, 0x00000000a4100000| Untracked 
|  46|0x00000000a4200000, 0x00000000a4200000, 0x00000000a4300000|  0%| F|  |TAMS 0x00000000a4200000, 0x00000000a4200000| Untracked 
|  47|0x00000000a4300000, 0x00000000a4300000, 0x00000000a4400000|  0%| F|  |TAMS 0x00000000a4300000, 0x00000000a4300000| Untracked 
|  48|0x00000000a4400000, 0x00000000a4400000, 0x00000000a4500000|  0%| F|  |TAMS 0x00000000a4400000, 0x00000000a4400000| Untracked 
|  49|0x00000000a4500000, 0x00000000a4500000, 0x00000000a4600000|  0%| F|  |TAMS 0x00000000a4500000, 0x00000000a4500000| Untracked 
|  50|0x00000000a4600000, 0x00000000a4600000, 0x00000000a4700000|  0%| F|  |TAMS 0x00000000a4600000, 0x00000000a4600000| Untracked 
|  51|0x00000000a4700000, 0x00000000a4700000, 0x00000000a4800000|  0%| F|  |TAMS 0x00000000a4700000, 0x00000000a4700000| Untracked 
|  52|0x00000000a4800000, 0x00000000a4800000, 0x00000000a4900000|  0%| F|  |TAMS 0x00000000a4800000, 0x00000000a4800000| Untracked 
|  53|0x00000000a4900000, 0x00000000a4900000, 0x00000000a4a00000|  0%| F|  |TAMS 0x00000000a4900000, 0x00000000a4900000| Untracked 
|  54|0x00000000a4a00000, 0x00000000a4a00000, 0x00000000a4b00000|  0%| F|  |TAMS 0x00000000a4a00000, 0x00000000a4a00000| Untracked 
|  55|0x00000000a4b00000, 0x00000000a4b00000, 0x00000000a4c00000|  0%| F|  |TAMS 0x00000000a4b00000, 0x00000000a4b00000| Untracked 
|  56|0x00000000a4c00000, 0x00000000a4c00000, 0x00000000a4d00000|  0%| F|  |TAMS 0x00000000a4c00000, 0x00000000a4c00000| Untracked 
|  57|0x00000000a4d00000, 0x00000000a4d00000, 0x00000000a4e00000|  0%| F|  |TAMS 0x00000000a4d00000, 0x00000000a4d00000| Untracked 
|  58|0x00000000a4e00000, 0x00000000a4e00000, 0x00000000a4f00000|  0%| F|  |TAMS 0x00000000a4e00000, 0x00000000a4e00000| Untracked 
|  59|0x00000000a4f00000, 0x00000000a4f00000, 0x00000000a5000000|  0%| F|  |TAMS 0x00000000a4f00000, 0x00000000a4f00000| Untracked 
|  60|0x00000000a5000000, 0x00000000a5000000, 0x00000000a5100000|  0%| F|  |TAMS 0x00000000a5000000, 0x00000000a5000000| Untracked 
|  61|0x00000000a5100000, 0x00000000a5100000, 0x00000000a5200000|  0%| F|  |TAMS 0x00000000a5100000, 0x00000000a5100000| Untracked 
|  62|0x00000000a5200000, 0x00000000a5200000, 0x00000000a5300000|  0%| F|  |TAMS 0x00000000a5200000, 0x00000000a5200000| Untracked 
|  63|0x00000000a5300000, 0x00000000a5300000, 0x00000000a5400000|  0%| F|  |TAMS 0x00000000a5300000, 0x00000000a5300000| Untracked 
|  64|0x00000000a5400000, 0x00000000a5400000, 0x00000000a5500000|  0%| F|  |TAMS 0x00000000a5400000, 0x00000000a5400000| Untracked 
|  65|0x00000000a5500000, 0x00000000a5500000, 0x00000000a5600000|  0%| F|  |TAMS 0x00000000a5500000, 0x00000000a5500000| Untracked 
|  66|0x00000000a5600000, 0x00000000a5600000, 0x00000000a5700000|  0%| F|  |TAMS 0x00000000a5600000, 0x00000000a5600000| Untracked 
|  67|0x00000000a5700000, 0x00000000a5700000, 0x00000000a5800000|  0%| F|  |TAMS 0x00000000a5700000, 0x00000000a5700000| Untracked 
|  68|0x00000000a5800000, 0x00000000a5800000, 0x00000000a5900000|  0%| F|  |TAMS 0x00000000a5800000, 0x00000000a5800000| Untracked 
|  69|0x00000000a5900000, 0x00000000a5900000, 0x00000000a5a00000|  0%| F|  |TAMS 0x00000000a5900000, 0x00000000a5900000| Untracked 
|  70|0x00000000a5a00000, 0x00000000a5a00000, 0x00000000a5b00000|  0%| F|  |TAMS 0x00000000a5a00000, 0x00000000a5a00000| Untracked 
|  71|0x00000000a5b00000, 0x00000000a5b00000, 0x00000000a5c00000|  0%| F|  |TAMS 0x00000000a5b00000, 0x00000000a5b00000| Untracked 
|  72|0x00000000a5c00000, 0x00000000a5c00000, 0x00000000a5d00000|  0%| F|  |TAMS 0x00000000a5c00000, 0x00000000a5c00000| Untracked 
|  73|0x00000000a5d00000, 0x00000000a5d00000, 0x00000000a5e00000|  0%| F|  |TAMS 0x00000000a5d00000, 0x00000000a5d00000| Untracked 
|  74|0x00000000a5e00000, 0x00000000a5e00000, 0x00000000a5f00000|  0%| F|  |TAMS 0x00000000a5e00000, 0x00000000a5e00000| Untracked 
|  75|0x00000000a5f00000, 0x00000000a5f00000, 0x00000000a6000000|  0%| F|  |TAMS 0x00000000a5f00000, 0x00000000a5f00000| Untracked 
|  76|0x00000000a6000000, 0x00000000a6000000, 0x00000000a6100000|  0%| F|  |TAMS 0x00000000a6000000, 0x00000000a6000000| Untracked 
|  77|0x00000000a6100000, 0x00000000a6100000, 0x00000000a6200000|  0%| F|  |TAMS 0x00000000a6100000, 0x00000000a6100000| Untracked 
|  78|0x00000000a6200000, 0x00000000a6200000, 0x00000000a6300000|  0%| F|  |TAMS 0x00000000a6200000, 0x00000000a6200000| Untracked 
|  79|0x00000000a6300000, 0x00000000a6300000, 0x00000000a6400000|  0%| F|  |TAMS 0x00000000a6300000, 0x00000000a6300000| Untracked 
|  80|0x00000000a6400000, 0x00000000a64defd8, 0x00000000a6500000| 87%| E|  |TAMS 0x00000000a6400000, 0x00000000a6400000| Complete 
|  81|0x00000000a6500000, 0x00000000a6600000, 0x00000000a6600000|100%| E|CS|TAMS 0x00000000a6500000, 0x00000000a6500000| Complete 
|  82|0x00000000a6600000, 0x00000000a6700000, 0x00000000a6700000|100%| E|CS|TAMS 0x00000000a6600000, 0x00000000a6600000| Complete 
|  83|0x00000000a6700000, 0x00000000a6800000, 0x00000000a6800000|100%| E|CS|TAMS 0x00000000a6700000, 0x00000000a6700000| Complete 
|  84|0x00000000a6800000, 0x00000000a6900000, 0x00000000a6900000|100%| E|CS|TAMS 0x00000000a6800000, 0x00000000a6800000| Complete 
|  85|0x00000000a6900000, 0x00000000a6a00000, 0x00000000a6a00000|100%| E|CS|TAMS 0x00000000a6900000, 0x00000000a6900000| Complete 
|  86|0x00000000a6a00000, 0x00000000a6b00000, 0x00000000a6b00000|100%| E|CS|TAMS 0x00000000a6a00000, 0x00000000a6a00000| Complete 
|  87|0x00000000a6b00000, 0x00000000a6c00000, 0x00000000a6c00000|100%| E|CS|TAMS 0x00000000a6b00000, 0x00000000a6b00000| Complete 
|  88|0x00000000a6c00000, 0x00000000a6d00000, 0x00000000a6d00000|100%| E|CS|TAMS 0x00000000a6c00000, 0x00000000a6c00000| Complete 
|  89|0x00000000a6d00000, 0x00000000a6e00000, 0x00000000a6e00000|100%| E|CS|TAMS 0x00000000a6d00000, 0x00000000a6d00000| Complete 
|  90|0x00000000a6e00000, 0x00000000a6f00000, 0x00000000a6f00000|100%| E|CS|TAMS 0x00000000a6e00000, 0x00000000a6e00000| Complete 
|  91|0x00000000a6f00000, 0x00000000a7000000, 0x00000000a7000000|100%| E|CS|TAMS 0x00000000a6f00000, 0x00000000a6f00000| Complete 
|  92|0x00000000a7000000, 0x00000000a7100000, 0x00000000a7100000|100%| E|CS|TAMS 0x00000000a7000000, 0x00000000a7000000| Complete 
|  93|0x00000000a7100000, 0x00000000a7200000, 0x00000000a7200000|100%| E|CS|TAMS 0x00000000a7100000, 0x00000000a7100000| Complete 
|  94|0x00000000a7200000, 0x00000000a7300000, 0x00000000a7300000|100%| E|CS|TAMS 0x00000000a7200000, 0x00000000a7200000| Complete 
|  95|0x00000000a7300000, 0x00000000a7400000, 0x00000000a7400000|100%| E|CS|TAMS 0x00000000a7300000, 0x00000000a7300000| Complete 

Card table byte_map: [0x00000178e3140000,0x00000178e3440000] _byte_map_base: 0x00000178e2c36000

Marking Bits (Prev, Next): (CMBitMap*) 0x00000178cb728160, (CMBitMap*) 0x00000178cb728128
 Prev Bits: [0x00000178e4ef0000, 0x00000178e66a0000)
 Next Bits: [0x00000178e3740000, 0x00000178e4ef0000)

Polling page: 0x00000178ca7a0000

Metaspace:

Usage:
  Non-class:     23.03 MB capacity,    22.81 MB (>99%) used,   188.52 KB ( <1%) free+waste,    41.63 KB ( <1%) overhead. 
      Class:      2.63 MB capacity,     2.49 MB ( 95%) used,   126.84 KB (  5%) free+waste,    17.75 KB ( <1%) overhead. 
       Both:     25.66 MB capacity,    25.30 MB ( 99%) used,   315.36 KB (  1%) free+waste,    59.38 KB ( <1%) overhead. 

Virtual space:
  Non-class space:       24.00 MB reserved,      23.17 MB ( 97%) committed 
      Class space:        1.00 GB reserved,       2.75 MB ( <1%) committed 
             Both:        1.02 GB reserved,      25.92 MB (  2%) committed 

Chunk freelists:
   Non-Class:  2.13 KB
       Class:  3.25 KB
        Both:  5.38 KB

CodeHeap 'non-profiled nmethods': size=120000Kb used=1760Kb max_used=1760Kb free=118240Kb
 bounds [0x00000178db5d0000, 0x00000178db840000, 0x00000178e2b00000]
CodeHeap 'profiled nmethods': size=120000Kb used=6178Kb max_used=6178Kb free=113821Kb
 bounds [0x00000178d40a0000, 0x00000178d46b0000, 0x00000178db5d0000]
CodeHeap 'non-nmethods': size=5760Kb used=1225Kb max_used=1312Kb free=4534Kb
 bounds [0x00000178d3b00000, 0x00000178d3d70000, 0x00000178d40a0000]
 total_blobs=3287 nmethods=2816 adapters=390
 compilation: enabled
              stopped_count=0, restarted_count=0
 full_count=0

Compilation events (10 events):
Event: 1756.894 Thread 0x00000178e99e4000 2817       3       com.mongodb.internal.connection.LoggingCommandEventSender::sendStartedEvent (152 bytes)
Event: 1756.897 Thread 0x00000178e99e4000 nmethod 2817 0x00000178d46a2910 code [0x00000178d46a2d00, 0x00000178d46a4c08]
Event: 1756.897 Thread 0x00000178e99e4000 2818   !   3       com.mongodb.internal.connection.LoggingCommandEventSender::getTruncatedJsonCommand (88 bytes)
Event: 1756.899 Thread 0x00000178e99e4000 nmethod 2818 0x00000178d46a5710 code [0x00000178d46a5a80, 0x00000178d46a7048]
Event: 1756.899 Thread 0x00000178e99e4000 2819       3       java.io.StringWriter::<init> (24 bytes)
Event: 1756.899 Thread 0x00000178e99e4000 nmethod 2819 0x00000178d46a7a10 code [0x00000178d46a7be0, 0x00000178d46a7fa8]
Event: 1756.899 Thread 0x00000178e99e4000 2820       3       java.io.Writer::<init> (10 bytes)
Event: 1756.899 Thread 0x00000178e99e4000 nmethod 2820 0x00000178d46a8110 code [0x00000178d46a82c0, 0x00000178d46a8478]
Event: 1756.899 Thread 0x00000178e99e4000 2821       3       com.mongodb.internal.connection.ByteBufBsonDocument::asBsonReader (24 bytes)
Event: 1756.899 Thread 0x00000178e99e4000 nmethod 2821 0x00000178d46a8510 code [0x00000178d46a86e0, 0x00000178d46a89e8]

GC Heap History (8 events):
Event: 1.449 GC heap before
{Heap before GC invocations=0 (full 0):
 garbage-first heap   total 98304K, used 24576K [0x00000000a1400000, 0x0000000100000000)
  region size 1024K, 24 young (24576K), 0 survivors (0K)
 Metaspace       used 12028K, capacity 12240K, committed 12416K, reserved 1060864K
  class space    used 1088K, capacity 1136K, committed 1152K, reserved 1048576K
}
Event: 1.457 GC heap after
{Heap after GC invocations=1 (full 0):
 garbage-first heap   total 98304K, used 6837K [0x00000000a1400000, 0x0000000100000000)
  region size 1024K, 3 young (3072K), 3 survivors (3072K)
 Metaspace       used 12028K, capacity 12240K, committed 12416K, reserved 1060864K
  class space    used 1088K, capacity 1136K, committed 1152K, reserved 1048576K
}
Event: 63.210 GC heap before
{Heap before GC invocations=1 (full 0):
 garbage-first heap   total 98304K, used 61109K [0x00000000a1400000, 0x0000000100000000)
  region size 1024K, 57 young (58368K), 3 survivors (3072K)
 Metaspace       used 19510K, capacity 19827K, committed 19968K, reserved 1067008K
  class space    used 1899K, capacity 1993K, committed 2048K, reserved 1048576K
}
Event: 63.217 GC heap after
{Heap after GC invocations=2 (full 0):
 garbage-first heap   total 98304K, used 8079K [0x00000000a1400000, 0x0000000100000000)
  region size 1024K, 5 young (5120K), 5 survivors (5120K)
 Metaspace       used 19510K, capacity 19827K, committed 19968K, reserved 1067008K
  class space    used 1899K, capacity 1993K, committed 2048K, reserved 1048576K
}
Event: 63.332 GC heap before
{Heap before GC invocations=2 (full 0):
 garbage-first heap   total 98304K, used 22415K [0x00000000a1400000, 0x0000000100000000)
  region size 1024K, 20 young (20480K), 5 survivors (5120K)
 Metaspace       used 20899K, capacity 21171K, committed 21296K, reserved 1069056K
  class space    used 2008K, capacity 2121K, committed 2176K, reserved 1048576K
}
Event: 63.337 GC heap after
{Heap after GC invocations=3 (full 0):
 garbage-first heap   total 98304K, used 8227K [0x00000000a1400000, 0x0000000100000000)
  region size 1024K, 2 young (2048K), 2 survivors (2048K)
 Metaspace       used 20899K, capacity 21171K, committed 21296K, reserved 1069056K
  class space    used 2008K, capacity 2121K, committed 2176K, reserved 1048576K
}
Event: 1443.524 GC heap before
{Heap before GC invocations=4 (full 0):
 garbage-first heap   total 98304K, used 64547K [0x00000000a1400000, 0x0000000100000000)
  region size 1024K, 57 young (58368K), 2 survivors (2048K)
 Metaspace       used 25699K, capacity 26076K, committed 26288K, reserved 1073152K
  class space    used 2546K, capacity 2692K, committed 2816K, reserved 1048576K
}
Event: 1443.576 GC heap after
{Heap after GC invocations=5 (full 0):
 garbage-first heap   total 98304K, used 8899K [0x00000000a1400000, 0x0000000100000000)
  region size 1024K, 3 young (3072K), 3 survivors (3072K)
 Metaspace       used 25699K, capacity 26076K, committed 26288K, reserved 1073152K
  class space    used 2546K, capacity 2692K, committed 2816K, reserved 1048576K
}

Deoptimization events (10 events):
Event: 2.791 Thread 0x00000178ea1f5000 Uncommon trap: reason=unstable_if action=reinterpret pc=0x00000178db638be0 method=java.util.HashMap.hash(Ljava/lang/Object;)I @ 1 c2
Event: 2.792 Thread 0x00000178ea1f5000 Uncommon trap: reason=unstable_if action=reinterpret pc=0x00000178db5ef1b0 method=java.util.HashMap.hash(Ljava/lang/Object;)I @ 1 c2
Event: 2.803 Thread 0x00000178ea1f5000 Uncommon trap: reason=unstable_if action=reinterpret pc=0x00000178db61bcd4 method=java.lang.StringUTF16.compress([CII)[B @ 13 c2
Event: 2.817 Thread 0x00000178ea1f5000 Uncommon trap: reason=unstable_if action=reinterpret pc=0x00000178db6617b8 method=org.eclipse.jdt.launching.internal.org.objectweb.asm.ClassReader.readMethod(Lorg/eclipse/jdt/launching/internal/org/objectweb/asm/ClassVisitor;Lorg/eclipse/jdt/launching/int
Event: 62.867 Thread 0x00000178ea1f5000 Uncommon trap: reason=unstable_if action=reinterpret pc=0x00000178db6429fc method=sun.security.provider.SHA2.implDigest([BI)V @ 21 c2
Event: 62.882 Thread 0x00000178ea1f5000 Uncommon trap: reason=unstable_if action=reinterpret pc=0x00000178db641b74 method=sun.security.provider.SHA2.implDigest([BI)V @ 21 c2
Event: 62.886 Thread 0x00000178ea1f5000 Uncommon trap: reason=unstable_if action=reinterpret pc=0x00000178db649524 method=com.sun.crypto.provider.HmacCore.engineUpdate([BII)V @ 5 c2
Event: 62.927 Thread 0x00000178ea1f5000 Uncommon trap: reason=class_check action=maybe_recompile pc=0x00000178db643f80 method=java.security.MessageDigest$Delegate.engineDigest()[B @ 4 c2
Event: 63.110 Thread 0x00000178ea1f5000 Uncommon trap: reason=unstable_if action=reinterpret pc=0x00000178db62e630 method=org.eclipse.jdt.launching.internal.org.objectweb.asm.ByteVector.putByteArray([BII)Lorg/eclipse/jdt/launching/internal/org/objectweb/asm/ByteVector; @ 20 c2
Event: 63.229 Thread 0x00000178ea1f5000 Uncommon trap: reason=unstable_if action=reinterpret pc=0x00000178db68d5a4 method=org.eclipse.jdt.launching.internal.org.objectweb.asm.MethodWriter.putMethodInfo(Lorg/eclipse/jdt/launching/internal/org/objectweb/asm/ByteVector;)V @ 98 c2

Classes redefined (10 events):
Event: 995.500 Thread 0x00000178e9955000 redefined class name=com.khoahung.cmc.application.Agent, count=2
Event: 995.525 Thread 0x00000178e9955000 redefined class name=com.khoahung.cmc.entity.Data, count=1
Event: 995.544 Thread 0x00000178e9955000 redefined class name=com.khoahung.cmc.entity.LogData, count=1
Event: 1004.426 Thread 0x00000178e9955000 redefined class name=com.khoahung.cmc.application.AgentJavaMongoClient, count=2
Event: 1004.445 Thread 0x00000178e9955000 redefined class name=com.khoahung.cmc.dao.LogProcessingDao, count=2
Event: 1004.464 Thread 0x00000178e9955000 redefined class name=com.khoahung.cmc.application.Agent, count=3
Event: 1004.491 Thread 0x00000178e9955000 redefined class name=com.khoahung.cmc.entity.Data, count=2
Event: 1004.521 Thread 0x00000178e9955000 redefined class name=com.khoahung.cmc.entity.LogData, count=2
Event: 1725.530 Thread 0x00000178e9955000 redefined class name=com.khoahung.cmc.application.Agent, count=4
Event: 1735.746 Thread 0x00000178e9955000 redefined class name=com.khoahung.cmc.application.Agent, count=5

Internal exceptions (10 events):
Event: 63.552 Thread 0x00000178ea1f5000 Exception <a 'java/lang/NoSuchMethodError'{0x00000000a5b306a0}: java.lang.invoke.DirectMethodHandle$Holder.invokeSpecial(Ljava/lang/Object;Ljava/lang/Object;)J> (0x00000000a5b306a0) thrown at [./open/src/hotspot/share/interpreter/linkResolver.cpp, line 77
Event: 63.554 Thread 0x00000178ea1f5000 Exception <a 'java/lang/NoSuchMethodError'{0x00000000a5b3b190}: java.lang.invoke.DirectMethodHandle$Holder.invokeStatic(Ljava/lang/Object;Ljava/lang/Object;)J> (0x00000000a5b3b190) thrown at [./open/src/hotspot/share/interpreter/linkResolver.cpp, line 772
Event: 63.554 Thread 0x00000178ea1f5000 Exception <a 'java/lang/NoSuchMethodError'{0x00000000a5b3dfb8}: java.lang.invoke.DirectMethodHandle$Holder.invokeStaticInit(Ljava/lang/Object;Ljava/lang/Object;)J> (0x00000000a5b3dfb8) thrown at [./open/src/hotspot/share/interpreter/linkResolver.cpp, line
Event: 63.556 Thread 0x00000178ea1f5000 Exception <a 'java/lang/NoSuchMethodError'{0x00000000a5b4a478}: java.lang.invoke.DirectMethodHandle$Holder.invokeInterface(Ljava/lang/Object;Ljava/lang/Object;)J> (0x00000000a5b4a478) thrown at [./open/src/hotspot/share/interpreter/linkResolver.cpp, line 
Event: 63.557 Thread 0x00000178ea1f5000 Exception <a 'java/lang/IncompatibleClassChangeError'{0x00000000a5b4d210}: Found class java.lang.Object, but interface was expected> (0x00000000a5b4d210) thrown at [./open/src/hotspot/share/interpreter/linkResolver.cpp, line 838]
Event: 63.576 Thread 0x00000178ea1f5000 Exception <a 'java/lang/NoSuchMethodError'{0x00000000a5a867b8}: java.lang.invoke.DirectMethodHandle$Holder.invokeVirtual(Ljava/lang/Object;Ljava/lang/Object;Ljava/lang/Object;Ljava/lang/Object;)Ljava/lang/Object;> (0x00000000a5a867b8) thrown at [./open/sr
Event: 68.983 Thread 0x00000178ea1f5000 Exception <a 'java/lang/NoSuchMethodError'{0x00000000a5101650}: java.lang.invoke.DirectMethodHandle$Holder.invokeVirtual(Ljava/lang/Object;Ljava/lang/Object;Ljava/lang/Object;Ljava/lang/Object;)V> (0x00000000a5101650) thrown at [./open/src/hotspot/share/i
Event: 1170.687 Thread 0x00000178ea1f5000 Exception <a 'java/lang/NullPointerException'{0x00000000a4e3dcf8}> (0x00000000a4e3dcf8) thrown at [./open/src/hotspot/share/interpreter/linkResolver.cpp, line 1354]
Event: 1341.838 Thread 0x00000178ea1f5000 Exception <a 'java/net/SocketTimeoutException'{0x00000000a405f038}: Read timed out> (0x00000000a405f038) thrown at [./open/src/hotspot/share/prims/jni.cpp, line 632]
Event: 1353.381 Thread 0x00000178ea1f5000 Exception <a 'java/lang/NullPointerException'{0x00000000a3f93940}> (0x00000000a3f93940) thrown at [./open/src/hotspot/share/interpreter/linkResolver.cpp, line 1354]

Events (10 events):
Event: 1761.191 Executing VM operation: RevokeBias
Event: 1761.191 Executing VM operation: RevokeBias done
Event: 1761.354 loading class org/joda/time/YearMonth
Event: 1761.354 loading class org/joda/time/YearMonth done
Event: 1761.357 loading class org/joda/time$YearMonth
Event: 1761.357 loading class org/joda/time$YearMonth done
Event: 1761.364 loading class org/joda/time/YearMonth
Event: 1761.364 loading class org/joda/time/YearMonth done
Event: 1761.366 loading class org/joda/time$YearMonth
Event: 1761.366 loading class org/joda/time$YearMonth done


Dynamic libraries:
0x00007ff61ae40000 - 0x00007ff61ae4f000 	C:\Program Files\Java\jdk-11.0.11\bin\javaw.exe
0x00007ffcf40a0000 - 0x00007ffcf42a7000 	C:\WINDOWS\SYSTEM32\ntdll.dll
0x00007ffcf2b60000 - 0x00007ffcf2c1d000 	C:\WINDOWS\System32\KERNEL32.DLL
0x00007ffcf16d0000 - 0x00007ffcf1a44000 	C:\WINDOWS\System32\KERNELBASE.dll
0x00007ffceea30000 - 0x00007ffceeac1000 	C:\WINDOWS\SYSTEM32\apphelp.dll
0x00007ffcf1a50000 - 0x00007ffcf1b61000 	C:\WINDOWS\System32\ucrtbase.dll
0x00007ffceca90000 - 0x00007ffcecaa5000 	C:\Program Files\Java\jdk-11.0.11\bin\VCRUNTIME140.dll
0x00007ffcebd30000 - 0x00007ffcebd48000 	C:\Program Files\Java\jdk-11.0.11\bin\jli.dll
0x00007ffcf26c0000 - 0x00007ffcf276c000 	C:\WINDOWS\System32\ADVAPI32.dll
0x00007ffcf3fb0000 - 0x00007ffcf4053000 	C:\WINDOWS\System32\msvcrt.dll
0x00007ffcf2f80000 - 0x00007ffcf301d000 	C:\WINDOWS\System32\sechost.dll
0x00007ffcf2580000 - 0x00007ffcf26a1000 	C:\WINDOWS\System32\RPCRT4.dll
0x00007ffcf37d0000 - 0x00007ffcf397c000 	C:\WINDOWS\System32\USER32.dll
0x00007ffcf1620000 - 0x00007ffcf1646000 	C:\WINDOWS\System32\win32u.dll
0x00007ffcf2f50000 - 0x00007ffcf2f79000 	C:\WINDOWS\System32\GDI32.dll
0x00007ffcf1e10000 - 0x00007ffcf1f22000 	C:\WINDOWS\System32\gdi32full.dll
0x00007ffcf1580000 - 0x00007ffcf161d000 	C:\WINDOWS\System32\msvcp_win.dll
0x00007ffce1ea0000 - 0x00007ffce2145000 	C:\WINDOWS\WinSxS\amd64_microsoft.windows.common-controls_6595b64144ccf1df_6.0.22000.51_none_25c0e06ad7789dba\COMCTL32.dll
0x00007ffcea5e0000 - 0x00007ffcea5ea000 	C:\WINDOWS\SYSTEM32\VERSION.dll
0x00007ffcf3f70000 - 0x00007ffcf3fa1000 	C:\WINDOWS\System32\IMM32.DLL
0x00007ffce7230000 - 0x00007ffce7431000 	C:\windows\system32\tmumh\20019\AddOn\8.53.0.1060\TmUmEvt64.dll
0x00007ffcf26b0000 - 0x00007ffcf26b8000 	C:\WINDOWS\System32\PSAPI.DLL
0x0000000057f50000 - 0x00000000580be000 	C:\windows\system32\tmumh\20019\TmMon\2.8.0.1047\tmmon64.dll
0x00007ffccb2a0000 - 0x00007ffccb33b000 	C:\Program Files\Java\jdk-11.0.11\bin\msvcp140.dll
0x00007ffc6ec70000 - 0x00007ffc6f76e000 	C:\Program Files\Java\jdk-11.0.11\bin\server\jvm.dll
0x00007ffcda590000 - 0x00007ffcda599000 	C:\WINDOWS\SYSTEM32\WSOCK32.dll
0x00007ffcf3e80000 - 0x00007ffcf3eef000 	C:\WINDOWS\System32\WS2_32.dll
0x00007ffcec240000 - 0x00007ffcec273000 	C:\WINDOWS\SYSTEM32\WINMM.dll
0x00007ffcf0670000 - 0x00007ffcf0688000 	C:\WINDOWS\SYSTEM32\kernel.appcore.dll
0x00007ffceea10000 - 0x00007ffceea20000 	C:\Program Files\Java\jdk-11.0.11\bin\verify.dll
0x00007ffce2750000 - 0x00007ffce2971000 	C:\WINDOWS\SYSTEM32\DBGHELP.DLL
0x00007ffce2710000 - 0x00007ffce2741000 	C:\WINDOWS\SYSTEM32\dbgcore.DLL
0x00007ffcf1650000 - 0x00007ffcf16d0000 	C:\WINDOWS\System32\bcryptPrimitives.dll
0x00007ffcdaa50000 - 0x00007ffcdaa78000 	C:\Program Files\Java\jdk-11.0.11\bin\java.dll
0x00007ffce2e80000 - 0x00007ffce2e8a000 	C:\Program Files\Java\jdk-11.0.11\bin\jimage.dll
0x00007ffcccee0000 - 0x00007ffcccf18000 	C:\Program Files\Java\jdk-11.0.11\bin\jdwp.dll
0x00007ffce2e70000 - 0x00007ffce2e7e000 	C:\Program Files\Java\jdk-11.0.11\bin\instrument.dll
0x00007ffcdaa30000 - 0x00007ffcdaa46000 	C:\Program Files\Java\jdk-11.0.11\bin\zip.dll
0x00007ffcf3020000 - 0x00007ffcf37c8000 	C:\WINDOWS\System32\SHELL32.dll
0x00007ffcef6f0000 - 0x00007ffceff52000 	C:\WINDOWS\SYSTEM32\windows.storage.dll
0x00007ffcf3990000 - 0x00007ffcf3d08000 	C:\WINDOWS\System32\combase.dll
0x00007ffcef580000 - 0x00007ffcef6e6000 	C:\WINDOWS\SYSTEM32\wintypes.dll
0x00007ffcf3d90000 - 0x00007ffcf3e7a000 	C:\WINDOWS\System32\SHCORE.dll
0x00007ffcf2960000 - 0x00007ffcf29bd000 	C:\WINDOWS\System32\shlwapi.dll
0x00007ffcf14b0000 - 0x00007ffcf14d1000 	C:\WINDOWS\SYSTEM32\profapi.dll
0x00007ffce18f0000 - 0x00007ffce18fa000 	C:\Program Files\Java\jdk-11.0.11\bin\dt_socket.dll
0x00007ffcf0a70000 - 0x00007ffcf0ad7000 	C:\WINDOWS\System32\mswsock.dll
0x00007ffcf01d0000 - 0x00007ffcf02b7000 	C:\WINDOWS\SYSTEM32\DNSAPI.dll
0x00007ffcf01a0000 - 0x00007ffcf01cd000 	C:\WINDOWS\SYSTEM32\IPHLPAPI.DLL
0x00007ffcf3f60000 - 0x00007ffcf3f69000 	C:\WINDOWS\System32\NSI.dll
0x00007ffced7e0000 - 0x00007ffced861000 	C:\WINDOWS\System32\fwpuclnt.dll
0x00007ffce8ce0000 - 0x00007ffce8cea000 	C:\Windows\System32\rasadhlp.dll
0x00007ffcd6b30000 - 0x00007ffcd6b49000 	C:\Program Files\Java\jdk-11.0.11\bin\net.dll
0x00007ffcec470000 - 0x00007ffcec57c000 	C:\WINDOWS\SYSTEM32\WINHTTP.dll
0x00007ffcccec0000 - 0x00007ffccced2000 	C:\Program Files\Java\jdk-11.0.11\bin\nio.dll
0x00007ffccb270000 - 0x00007ffccb295000 	C:\Program Files\Java\jdk-11.0.11\bin\sunec.dll
0x00007ffcf0d40000 - 0x00007ffcf0d58000 	C:\WINDOWS\SYSTEM32\CRYPTSP.dll
0x00007ffcf05d0000 - 0x00007ffcf0605000 	C:\WINDOWS\system32\rsaenh.dll
0x00007ffcf0b10000 - 0x00007ffcf0b39000 	C:\WINDOWS\SYSTEM32\USERENV.dll
0x00007ffcf0ef0000 - 0x00007ffcf0f17000 	C:\WINDOWS\SYSTEM32\bcrypt.dll
0x00007ffcf0c60000 - 0x00007ffcf0c6c000 	C:\WINDOWS\SYSTEM32\CRYPTBASE.dll
0x00007ffcecf00000 - 0x00007ffcecf19000 	C:\WINDOWS\SYSTEM32\dhcpcsvc6.DLL
0x00007ffcecee0000 - 0x00007ffcecefe000 	C:\WINDOWS\SYSTEM32\dhcpcsvc.DLL

dbghelp: loaded successfully - version: 4.0.5 - missing functions: none
symbol engine: initialized successfully - sym options: 0x614 - pdb path: .;C:\Program Files\Java\jdk-11.0.11\bin;C:\WINDOWS\SYSTEM32;C:\WINDOWS\WinSxS\amd64_microsoft.windows.common-controls_6595b64144ccf1df_6.0.22000.51_none_25c0e06ad7789dba;C:\windows\system32\tmumh\20019\AddOn\8.53.0.1060;C:\windows\system32\tmumh\20019\TmMon\2.8.0.1047;C:\Program Files\Java\jdk-11.0.11\bin\server

VM Arguments:
jvm_args: -agentlib:jdwp=transport=dt_socket,suspend=y,address=localhost:51496 -javaagent:D:\Tools\eclipse\jee-2021-03\eclipse\configuration\org.eclipse.osgi\412\0\.cp\lib\javaagent-shaded.jar -Dfile.encoding=UTF-8 
java_command: com.khoahung.cmc.application.AgentJavaMongoClient
java_class_path (initial): D:\project\Example\JavaMongoDB\JavaMongoDBClientTemp\target\classes;C:\Users\nthung12\.m2\repository\org\springframework\boot\spring-boot-starter-web\2.4.3\spring-boot-starter-web-2.4.3.jar;C:\Users\nthung12\.m2\repository\org\springframework\boot\spring-boot-starter\2.4.3\spring-boot-starter-2.4.3.jar;C:\Users\nthung12\.m2\repository\org\springframework\boot\spring-boot-starter-logging\2.4.3\spring-boot-starter-logging-2.4.3.jar;C:\Users\nthung12\.m2\repository\ch\qos\logback\logback-classic\1.2.3\logback-classic-1.2.3.jar;C:\Users\nthung12\.m2\repository\ch\qos\logback\logback-core\1.2.3\logback-core-1.2.3.jar;C:\Users\nthung12\.m2\repository\org\apache\logging\log4j\log4j-to-slf4j\2.13.3\log4j-to-slf4j-2.13.3.jar;C:\Users\nthung12\.m2\repository\org\apache\logging\log4j\log4j-api\2.13.3\log4j-api-2.13.3.jar;C:\Users\nthung12\.m2\repository\org\slf4j\jul-to-slf4j\1.7.30\jul-to-slf4j-1.7.30.jar;C:\Users\nthung12\.m2\repository\jakarta\annotation\jakarta.annotation-api\1.3.5\jakarta.annotation-api-1.3.5.jar;C:\Users\nthung12\.m2\repository\org\yaml\snakeyaml\1.27\snakeyaml-1.27.jar;C:\Users\nthung12\.m2\repository\org\springframework\boot\spring-boot-starter-json\2.4.3\spring-boot-starter-json-2.4.3.jar;C:\Users\nthung12\.m2\repository\com\fasterxml\jackson\core\jackson-databind\2.11.4\jackson-databind-2.11.4.jar;C:\Users\nthung12\.m2\repository\com\fasterxml\jackson\core\jackson-annotations\2.11.4\jackson-annotations-2.11.4.jar;C:\Users\nthung12\.m2\repository\com\fasterxml\jackson\core\jackson-core\2.11.4\jackson-core-2.11.4.jar;C:\Users\nthung12\.m2\repository\com\fasterxml\jackson\datatype\jackson-datatype-jdk8\2.11.4\jackson-datatype-jdk8-2.11.4.jar;C:\Users\nthung12\.m2\repository\com\fasterxml\jackson\datatype\jackson-datatype-jsr310\2.11.4\jackson-datatype-jsr310-2.11.4.jar;C:\Users\nthung12\.m2\repository\com\fasterxml\jackson\module\jackson-module-parameter-names\2.11.4\jackson-module-parameter-names-2.11.4.jar;C:\Users\nthung1
Launcher Type: SUN_STANDARD

[Global flags]
     intx CICompilerCount                          = 4                                         {product} {ergonomic}
     uint ConcGCThreads                            = 2                                         {product} {ergonomic}
     uint G1ConcRefinementThreads                  = 8                                         {product} {ergonomic}
   size_t G1HeapRegionSize                         = 1048576                                   {product} {ergonomic}
    uintx GCDrainStackTargetSize                   = 64                                        {product} {ergonomic}
   size_t InitialHeapSize                          = 100663296                                 {product} {ergonomic}
   size_t MarkStackSize                            = 4194304                                   {product} {ergonomic}
   size_t MaxHeapSize                              = 1589641216                                {product} {ergonomic}
   size_t MaxNewSize                               = 953155584                                 {product} {ergonomic}
   size_t MinHeapDeltaBytes                        = 1048576                                   {product} {ergonomic}
    uintx NonNMethodCodeHeapSize                   = 5836300                                {pd product} {ergonomic}
    uintx NonProfiledCodeHeapSize                  = 122910970                              {pd product} {ergonomic}
    uintx ProfiledCodeHeapSize                     = 122910970                              {pd product} {ergonomic}
    uintx ReservedCodeCacheSize                    = 251658240                              {pd product} {ergonomic}
     bool SegmentedCodeCache                       = true                                      {product} {ergonomic}
     bool UseCompressedClassPointers               = true                                 {lp64_product} {ergonomic}
     bool UseCompressedOops                        = true                                 {lp64_product} {ergonomic}
     bool UseG1GC                                  = true                                      {product} {ergonomic}
     bool UseLargePagesIndividualAllocation        = false                                  {pd product} {ergonomic}

Logging:
Log output configuration:
 #0: stdout all=warning uptime,level,tags
 #1: stderr all=off uptime,level,tags

Environment Variables:
JAVA_HOME=C:\Program Files\Java\jdk-11.0.11
PATH=C:/Users/nthung12/.p2/pool/plugins/org.eclipse.justj.openjdk.hotspot.jre.full.win32.x86_64_15.0.2.v20210201-0955/jre/bin/server;C:/Users/nthung12/.p2/pool/plugins/org.eclipse.justj.openjdk.hotspot.jre.full.win32.x86_64_15.0.2.v20210201-0955/jre/bin;C:\Program Files (x86)\NetSarang\Xftp 6\;C:\Program Files (x86)\NetSarang\Xshell 6\;C:\Python39\Scripts\;C:\Python39\;C:\Program Files\Common Files\Oracle\Java\javapath;C:\Program Files (x86)\Common Files\Oracle\Java\javapath;C:\WINDOWS\system32;C:\WINDOWS;C:\WINDOWS\System32\Wbem;C:\WINDOWS\System32\WindowsPowerShell\v1.0\;C:\WINDOWS\System32\OpenSSH\;C:\Program Files\TortoiseSVN\bin;C:\Program Files\Java\jdk-11.0.11\bin;D:\Tools\apache-maven-3.8.1\bin;C:\Program Files\Git\cmd;C:\Program Files\nodejs\;C:\ProgramData\chocolatey\bin;;C:\Program Files\Docker\Docker\resources\bin;C:\ProgramData\DockerDesktop\version-bin;C:\Program Files\Git LFS;C:\Users\nthung12\AppData\Local\Microsoft\WindowsApps;C:\Users\nthung12\AppData\Roaming\npm;;C:\Users\nthung12\Desktop;
USERNAME=nthung12
OS=Windows_NT
PROCESSOR_IDENTIFIER=AMD64 Family 23 Model 24 Stepping 1, AuthenticAMD



---------------  S Y S T E M  ---------------

OS: Windows 10 , 64 bit Build 22000 (10.0.22000.37)
Hyper-V role detected

CPU:total 8 (initial active 8) (8 cores per cpu, 2 threads per core) family 23 model 24 stepping 1 microcode 0x0, cmov, cx8, fxsr, mmx, sse, sse2, sse3, ssse3, sse4.1, sse4.2, popcnt, avx, avx2, aes, clmul, mmxext, 3dnowpref, lzcnt, sse4a, ht, tsc, tscinvbit, tscinv, bmi1, bmi2, adx, s

Memory: 4k page, system-wide physical 6058M (425M free)
TotalPageFile size 19882M (AvailPageFile size 5266M)
current process WorkingSet (physical memory assigned to process): 81M, peak: 182M
current process commit charge ("private bytes"): 212M, peak: 251M

vm_info: Java HotSpot(TM) 64-Bit Server VM (11.0.11+9-LTS-194) for windows-amd64 JRE (11.0.11+9-LTS-194), built on Mar 18 2021 18:46:53 by "mach5one" with MS VC++ 15.9 (VS2017)

END.
